2022-03-07 14:33:31.350 [main] INFO  com.itheima.MyLogApplication - Starting MyLogApplication on zhangjianlindeMacBook-Pro.local with PID 48524 (/Users/cat/IdeaProjects/Java_notes_code/pinda-authority/myLogApp/target/classes started by cat in /Users/cat/IdeaProjects/Java_notes_code/pinda-authority)
2022-03-07 14:33:31.353 [main] INFO  com.itheima.MyLogApplication - The following profiles are active: pro
2022-03-07 14:33:32.521 [main] INFO  o.s.boot.web.embedded.tomcat.TomcatWebServer - Tomcat initialized with port(s): 8080 (http)
2022-03-07 14:33:32.534 [main] INFO  org.apache.coyote.http11.Http11NioProtocol - Initializing ProtocolHandler ["http-nio-8080"]
2022-03-07 14:33:32.534 [main] INFO  org.apache.catalina.core.StandardService - Starting service [Tomcat]
2022-03-07 14:33:32.535 [main] INFO  org.apache.catalina.core.StandardEngine - Starting Servlet engine: [Apache Tomcat/9.0.29]
2022-03-07 14:33:32.614 [main] INFO  o.a.c.core.ContainerBase.[Tomcat].[localhost].[/] - Initializing Spring embedded WebApplicationContext
2022-03-07 14:33:32.615 [main] INFO  org.springframework.web.context.ContextLoader - Root WebApplicationContext: initialization completed in 1219 ms
2022-03-07 14:33:32.919 [main] INFO  o.s.scheduling.concurrent.ThreadPoolTaskExecutor - Initializing ExecutorService 'applicationTaskExecutor'
2022-03-07 14:33:33.157 [main] INFO  org.apache.coyote.http11.Http11NioProtocol - Starting ProtocolHandler ["http-nio-8080"]
2022-03-07 14:33:33.241 [main] INFO  o.s.boot.web.embedded.tomcat.TomcatWebServer - Tomcat started on port(s): 8080 (http) with context path ''
2022-03-07 14:33:33.245 [main] INFO  com.itheima.MyLogApplication - Started MyLogApplication in 2.551 seconds (JVM running for 3.355)
2022-03-07 14:34:01.580 [http-nio-8080-exec-1] INFO  o.a.c.core.ContainerBase.[Tomcat].[localhost].[/] - Initializing Spring DispatcherServlet 'dispatcherServlet'
2022-03-07 14:34:01.580 [http-nio-8080-exec-1] INFO  org.springframework.web.servlet.DispatcherServlet - Initializing Servlet 'dispatcherServlet'
2022-03-07 14:34:01.595 [http-nio-8080-exec-1] INFO  org.springframework.web.servlet.DispatcherServlet - Completed initialization in 14 ms
2022-03-07 14:34:01.891 [task-1] INFO  com.itheima.service.LogService - 保存日志信息：OptLogDTO(super=com.itheima.pinda.log.entity.OptLogDTO@8bdb3e2, requestIp=0:0:0:0:0:0:0:1, type=OPT, userName=, description=用户控制器-分页查询用户, classPath=com.itheima.controller.UserController, actionMethod=findByPage, requestUri=/user/page/1/10, httpMethod=GET, params=[1, 10], result=null, exDesc=null, exDetail=null, startTime=2022-03-07T14:34:01.694, finishTime=2022-03-07T14:34:01.876, consumingTime=182, ua=Mozilla/5.0 (Macintosh; Intel Mac OS X 10_15_7) AppleWebKit/537.36 (KHTML, like Gecko) Chrome/98.0.4758.109 Safari/537.36, createUser=0)
2022-03-07 14:34:31.448 [SpringContextShutdownHook] INFO  o.s.scheduling.concurrent.ThreadPoolTaskExecutor - Shutting down ExecutorService 'applicationTaskExecutor'
2022-03-07 14:34:36.176 [main] INFO  com.itheima.MyLogApplication - Starting MyLogApplication on zhangjianlindeMacBook-Pro.local with PID 48576 (/Users/cat/IdeaProjects/Java_notes_code/pinda-authority/myLogApp/target/classes started by cat in /Users/cat/IdeaProjects/Java_notes_code/pinda-authority)
2022-03-07 14:34:36.179 [main] INFO  com.itheima.MyLogApplication - The following profiles are active: pro
2022-03-07 14:34:37.673 [main] INFO  o.s.boot.web.embedded.tomcat.TomcatWebServer - Tomcat initialized with port(s): 8080 (http)
2022-03-07 14:34:37.680 [main] INFO  org.apache.coyote.http11.Http11NioProtocol - Initializing ProtocolHandler ["http-nio-8080"]
2022-03-07 14:34:37.681 [main] INFO  org.apache.catalina.core.StandardService - Starting service [Tomcat]
2022-03-07 14:34:37.681 [main] INFO  org.apache.catalina.core.StandardEngine - Starting Servlet engine: [Apache Tomcat/9.0.29]
2022-03-07 14:34:37.742 [main] INFO  o.a.c.core.ContainerBase.[Tomcat].[localhost].[/] - Initializing Spring embedded WebApplicationContext
2022-03-07 14:34:37.742 [main] INFO  org.springframework.web.context.ContextLoader - Root WebApplicationContext: initialization completed in 1430 ms
2022-03-07 14:34:37.989 [main] INFO  o.s.scheduling.concurrent.ThreadPoolTaskExecutor - Initializing ExecutorService 'applicationTaskExecutor'
2022-03-07 14:34:38.183 [main] INFO  org.apache.coyote.http11.Http11NioProtocol - Starting ProtocolHandler ["http-nio-8080"]
2022-03-07 14:34:38.264 [main] INFO  o.s.boot.web.embedded.tomcat.TomcatWebServer - Tomcat started on port(s): 8080 (http) with context path ''
2022-03-07 14:34:38.268 [main] INFO  com.itheima.MyLogApplication - Started MyLogApplication in 2.995 seconds (JVM running for 3.89)
2022-03-07 14:34:43.992 [http-nio-8080-exec-1] INFO  o.a.c.core.ContainerBase.[Tomcat].[localhost].[/] - Initializing Spring DispatcherServlet 'dispatcherServlet'
2022-03-07 14:34:43.992 [http-nio-8080-exec-1] INFO  org.springframework.web.servlet.DispatcherServlet - Initializing Servlet 'dispatcherServlet'
2022-03-07 14:34:44.000 [http-nio-8080-exec-1] INFO  org.springframework.web.servlet.DispatcherServlet - Completed initialization in 8 ms
2022-03-07 14:34:44.079 [task-1] INFO  com.itheima.service.LogService - 保存日志信息：OptLogDTO(super=com.itheima.pinda.log.entity.OptLogDTO@153d052e, requestIp=0:0:0:0:0:0:0:1, type=OPT, userName=, description=用户控制器-分页查询用户, classPath=com.itheima.controller.UserController, actionMethod=findByPage, requestUri=/user/page/1/10, httpMethod=GET, params=[1, 10], result=null, exDesc=null, exDetail=null, startTime=2022-03-07T14:34:44.049, finishTime=2022-03-07T14:34:44.071, consumingTime=22, ua=Mozilla/5.0 (Macintosh; Intel Mac OS X 10_15_7) AppleWebKit/537.36 (KHTML, like Gecko) Chrome/98.0.4758.109 Safari/537.36, createUser=0)
2022-03-07 17:58:13.014 [SpringContextShutdownHook] INFO  o.s.scheduling.concurrent.ThreadPoolTaskExecutor - Shutting down ExecutorService 'applicationTaskExecutor'
